<?xml version="1.0" encoding="UTF-8"?>
<!-- Generated by org.testng.reporters.JUnitReportReporter -->
<testsuite hostname="LAPTOP-IVB62MT9" failures="0" tests="12" name="testNG.Testng1" time="437.494" errors="0" timestamp="28 Jul 2022 04:54:43 GMT" skipped="0">
  <testcase classname="testNG.Testng1" name="scenarioOne" time="24.180"/>
  <testcase classname="testNG.Testng1" name="scenarioOne" time="89.018"/>
  <testcase classname="testNG.Testng1" name="scenarioOne" time="36.827"/>
  <testcase classname="testNG.Testng1" name="scenarioOne" time="20.859"/>
  <testcase classname="testNG.Testng1" name="secondScenario" time="23.037"/>
  <testcase classname="testNG.Testng1" name="secondScenario" time="24.640"/>
  <testcase classname="testNG.Testng1" name="secondScenario" time="68.534"/>
  <testcase classname="testNG.Testng1" name="secondScenario" time="45.603"/>
  <testcase classname="testNG.Testng1" name="thirdScenario" time="22.036"/>
  <testcase classname="testNG.Testng1" name="thirdScenario" time="21.816"/>
  <testcase classname="testNG.Testng1" name="thirdScenario" time="37.779"/>
  <testcase classname="testNG.Testng1" name="thirdScenario" time="23.165"/>
</testsuite> <!-- testNG.Testng1 -->
